<?xml version="1.0" encoding="UTF-8"?>
<robot generator="Robot 5.0 (Python 3.10.0 on win32)" generated="20220509 14:11:21.675" rpa="false" schemaversion="3">
<suite id="s1" name="Demo2" source="C:\Users\Hiiii\Desktop\Robot\Robot_project\appium_suite\demo2.robot">
<test id="s1-t1" name="TC1" line="6">
<kw name="Open Application" library="AppiumLibrary">
<arg>remote_url=http://hub-cloud.browserstack.com/wd/hub</arg>
<arg>browserstack.user=vikashkumar_7phJy4</arg>
<arg>browserstack.key=dSB8JBuG6cCc98iHQrUo</arg>
<arg>app="bs://80bc8a30dfff530813b873b7d9183a0f97b446ac"</arg>
<arg>device=Google Pixel 3</arg>
<arg>os_version=9.0</arg>
<arg>project=lt6_project</arg>
<arg>build=lt6_build</arg>
<arg>name=khanacademy test</arg>
<doc>Opens a new application to given Appium server.
Capabilities of appium server, Android and iOS,
Please check https://github.com/appium/appium/blob/master/docs/en/writing-running-appium/server-args.md
| *Option*            | *Man.* | *Description*     |
| remote_url          | Yes    | Appium server url |
| alias               | no     | alias             |</doc>
<kw name="Capture Page Screenshot" library="AppiumLibrary">
<doc>Takes a screenshot of the current page and embeds it into the log.</doc>
<msg timestamp="20220509 14:11:23.507" level="FAIL">No application is open</msg>
<status status="FAIL" starttime="20220509 14:11:23.504" endtime="20220509 14:11:23.518"/>
</kw>
<msg timestamp="20220509 14:11:23.518" level="WARN">Keyword 'Capture Page Screenshot' could not be run on failure: No application is open</msg>
<msg timestamp="20220509 14:11:23.528" level="FAIL">WebDriverException: Message: App Automate testing time has expired. Contact BrowserStack Support at https://www.browserstack.com/contact for extending your Free Trial.
</msg>
<status status="FAIL" starttime="20220509 14:11:22.173" endtime="20220509 14:11:23.531"/>
</kw>
<kw name="Get Source" library="AppiumLibrary">
<var>${app_source}</var>
<doc>Returns the entire source of the current page.</doc>
<status status="NOT RUN" starttime="20220509 14:11:23.532" endtime="20220509 14:11:23.532"/>
</kw>
<kw name="Log" library="BuiltIn">
<arg>${app_source}</arg>
<doc>Logs the given message with the given level.</doc>
<status status="NOT RUN" starttime="20220509 14:11:23.533" endtime="20220509 14:11:23.533"/>
</kw>
<kw name="Click Element" library="AppiumLibrary">
<arg>xpath=//*[(@text='Deny')]</arg>
<doc>Click element identified by `locator`.</doc>
<status status="NOT RUN" starttime="20220509 14:11:23.534" endtime="20220509 14:11:23.534"/>
</kw>
<kw name="Close Application" library="AppiumLibrary">
<doc>Closes the current application and also close webdriver session.</doc>
<status status="NOT RUN" starttime="20220509 14:11:23.535" endtime="20220509 14:11:23.535"/>
</kw>
<status status="FAIL" starttime="20220509 14:11:22.172" endtime="20220509 14:11:23.536">WebDriverException: Message: App Automate testing time has expired. Contact BrowserStack Support at https://www.browserstack.com/contact for extending your Free Trial.
</status>
</test>
<status status="FAIL" starttime="20220509 14:11:21.678" endtime="20220509 14:11:23.538"/>
</suite>
<statistics>
<total>
<stat pass="0" fail="1" skip="0">All Tests</stat>
</total>
<tag>
</tag>
<suite>
<stat pass="0" fail="1" skip="0" id="s1" name="Demo2">Demo2</stat>
</suite>
</statistics>
<errors>
<msg timestamp="20220509 14:11:23.518" level="WARN">Keyword 'Capture Page Screenshot' could not be run on failure: No application is open</msg>
</errors>
</robot>
