<?xml version="1.0" encoding="UTF-8"?>
<robot generator="Robot 5.0 (Python 3.10.0 on win32)" generated="20220505 15:09:31.258" rpa="false" schemaversion="3">
<suite id="s1" name="Demo2 Suite" source="C:\Users\Hiiii\Desktop\Robot\Robot_project\selenium_suite\demo2_suite.robot">
<test id="s1-t1" name="TC1" line="6">
<kw name="Append To Environment Variable" library="OperatingSystem">
<arg>Path</arg>
<arg>C:\\Users\\Hiiii\\Desktop\\LTTS\\Drivers</arg>
<doc>Appends given ``values`` to environment variable ``name``.</doc>
<msg timestamp="20220505 15:09:31.742" level="INFO">Environment variable 'Path' set to value 'C:\Program Files\Python310\Scripts\;C:\Program Files\Python310\;C:\Program Files\Amazon Corretto\jdk11.0.12_7\bin;C:\WINDOWS\system32;C:\WINDOWS;C:\WINDOWS\System32\Wbem;C:\WINDOWS\System32\WindowsPowerShell\v1.0\;C:\WINDOWS\System32\OpenSSH\;C:\msys64\mingw64\bin;C;C:\Program Files\Git\cmd;C:\Users\Hiiii\AppData\Roaming\Python\Python310\Scripts;C:\Users\Hiiii\AppData\Local\Microsoft\WindowsApps;;C:\Users\Hiiii\AppData\Local\Programs\Microsoft VS Code\bin;C:\Users\Hiiii\Desktop\LTTS\Drivers'.</msg>
<status status="PASS" starttime="20220505 15:09:31.742" endtime="20220505 15:09:31.742"/>
</kw>
<kw name="Open Browser" library="SeleniumLibrary">
<arg>url=https://www.facebook.com/</arg>
<arg>browser=chrome</arg>
<doc>Opens a new browser instance to the optional ``url``.</doc>
<msg timestamp="20220505 15:09:31.742" level="INFO">Opening browser 'chrome' to base url 'https://www.facebook.com/'.</msg>
<status status="PASS" starttime="20220505 15:09:31.742" endtime="20220505 15:09:38.272"/>
</kw>
<kw name="Maximize Browser Window" library="SeleniumLibrary">
<doc>Maximizes current browser window.</doc>
<status status="PASS" starttime="20220505 15:09:38.273" endtime="20220505 15:09:38.415"/>
</kw>
<kw name="Click Element" library="SeleniumLibrary">
<arg>link=Create New Account</arg>
<doc>Click the element identified by ``locator``.</doc>
<msg timestamp="20220505 15:09:38.417" level="INFO">Clicking element 'link=Create New Account'.</msg>
<status status="PASS" starttime="20220505 15:09:38.416" endtime="20220505 15:09:38.565"/>
</kw>
<kw name="Set Selenium Implicit Wait" library="SeleniumLibrary">
<arg>30s</arg>
<doc>Sets the implicit wait value used by Selenium.</doc>
<status status="PASS" starttime="20220505 15:09:38.566" endtime="20220505 15:09:38.570"/>
</kw>
<kw name="Input Text" library="SeleniumLibrary">
<arg>name=firstname</arg>
<arg>Vikash</arg>
<doc>Types the given ``text`` into the text field identified by ``locator``.</doc>
<msg timestamp="20220505 15:09:38.571" level="INFO">Typing text 'Vikash' into text field 'name=firstname'.</msg>
<status status="PASS" starttime="20220505 15:09:38.570" endtime="20220505 15:09:39.546"/>
</kw>
<kw name="Input Text" library="SeleniumLibrary">
<arg>name=lastname</arg>
<arg>Kumar</arg>
<doc>Types the given ``text`` into the text field identified by ``locator``.</doc>
<msg timestamp="20220505 15:09:39.547" level="INFO">Typing text 'Kumar' into text field 'name=lastname'.</msg>
<status status="PASS" starttime="20220505 15:09:39.547" endtime="20220505 15:09:39.753"/>
</kw>
<kw name="Input Text" library="SeleniumLibrary">
<arg>name=reg_email__</arg>
<arg>vikash7730@gmail.com</arg>
<doc>Types the given ``text`` into the text field identified by ``locator``.</doc>
<msg timestamp="20220505 15:09:39.756" level="INFO">Typing text 'vikash7730@gmail.com' into text field 'name=reg_email__'.</msg>
<status status="PASS" starttime="20220505 15:09:39.755" endtime="20220505 15:09:40.023"/>
</kw>
<kw name="Input Text" library="SeleniumLibrary">
<arg>name=reg_email_confirmation__</arg>
<arg>vikash7730@gmail.com</arg>
<doc>Types the given ``text`` into the text field identified by ``locator``.</doc>
<msg timestamp="20220505 15:09:40.026" level="INFO">Typing text 'vikash7730@gmail.com' into text field 'name=reg_email_confirmation__'.</msg>
<status status="PASS" starttime="20220505 15:09:40.025" endtime="20220505 15:09:40.266"/>
</kw>
<kw name="Input Password" library="SeleniumLibrary">
<arg>Id=password_step_input</arg>
<arg>Welcome@123</arg>
<doc>Types the given password into the text field identified by ``locator``.</doc>
<msg timestamp="20220505 15:09:40.269" level="INFO">Typing password into text field 'Id=password_step_input'.</msg>
<msg timestamp="20220505 15:09:40.337" level="INFO">Temporally setting log level to: NONE</msg>
<msg timestamp="20220505 15:09:40.477" level="INFO">Log level changed from NONE to INFO.</msg>
<status status="PASS" starttime="20220505 15:09:40.267" endtime="20220505 15:09:40.477"/>
</kw>
<kw name="Select From List By Label" library="SeleniumLibrary">
<arg>name=birthday_day</arg>
<arg>14</arg>
<doc>Selects options from selection list ``locator`` by ``labels``.</doc>
<msg timestamp="20220505 15:09:40.478" level="INFO">Selecting options from selection list 'name=birthday_day' by label 14.</msg>
<status status="PASS" starttime="20220505 15:09:40.478" endtime="20220505 15:09:40.587"/>
</kw>
<kw name="Select From List By Index" library="SeleniumLibrary">
<arg>name=birthday_month</arg>
<arg>11</arg>
<doc>Selects options from selection list ``locator`` by ``indexes``.</doc>
<msg timestamp="20220505 15:09:40.589" level="INFO">Selecting options from selection list 'name=birthday_month' by index 11.</msg>
<status status="PASS" starttime="20220505 15:09:40.588" endtime="20220505 15:09:40.879"/>
</kw>
<kw name="Select From List By Value" library="SeleniumLibrary">
<arg>name=birthday_year</arg>
<arg>2000</arg>
<doc>Selects options from selection list ``locator`` by ``values``.</doc>
<msg timestamp="20220505 15:09:40.880" level="INFO">Selecting options from selection list 'name=birthday_year' by value 2000.</msg>
<status status="PASS" starttime="20220505 15:09:40.880" endtime="20220505 15:09:40.990"/>
</kw>
<kw name="Select Radio Button" library="SeleniumLibrary">
<arg>sex</arg>
<arg>2</arg>
<doc>Sets the radio button group ``group_name`` to ``value``.</doc>
<msg timestamp="20220505 15:09:40.991" level="INFO">Selecting '2' from radio button 'sex'.</msg>
<status status="PASS" starttime="20220505 15:09:40.991" endtime="20220505 15:09:41.091"/>
</kw>
<kw name="Click Element" library="SeleniumLibrary">
<arg>name=websubmit</arg>
<doc>Click the element identified by ``locator``.</doc>
<msg timestamp="20220505 15:09:41.092" level="INFO">Clicking element 'name=websubmit'.</msg>
<status status="PASS" starttime="20220505 15:09:41.092" endtime="20220505 15:09:41.178"/>
</kw>
<kw name="Close Browser" library="SeleniumLibrary">
<doc>Closes the current browser.</doc>
<status status="PASS" starttime="20220505 15:09:41.179" endtime="20220505 15:09:43.481"/>
</kw>
<status status="PASS" starttime="20220505 15:09:31.742" endtime="20220505 15:09:43.481"/>
</test>
<status status="PASS" starttime="20220505 15:09:31.258" endtime="20220505 15:09:43.481"/>
</suite>
<statistics>
<total>
<stat pass="1" fail="0" skip="0">All Tests</stat>
</total>
<tag>
</tag>
<suite>
<stat pass="1" fail="0" skip="0" id="s1" name="Demo2 Suite">Demo2 Suite</stat>
</suite>
</statistics>
<errors>
</errors>
</robot>
