<?xml version="1.0" encoding="UTF-8"?>
<robot generator="Robot 5.0 (Python 3.10.0 on win32)" generated="20220506 17:30:34.615" rpa="false" schemaversion="3">
<suite id="s1" name="Demo10 Suite" source="C:\Users\Hiiii\Desktop\Robot\Robot_project\selenium_suite\demo10_suite.robot">
<test id="s1-t1" name="TC1" line="6">
<kw name="Append To Environment Variable" library="OperatingSystem">
<arg>Path</arg>
<arg>C:\\Users\\Hiiii\\Desktop\\LTTS\\Drivers</arg>
<doc>Appends given ``values`` to environment variable ``name``.</doc>
<msg timestamp="20220506 17:30:35.181" level="INFO">Environment variable 'Path' set to value 'C:\Program Files\Python310\Scripts\;C:\Program Files\Python310\;C:\Program Files\Amazon Corretto\jdk11.0.12_7\bin;C:\WINDOWS\system32;C:\WINDOWS;C:\WINDOWS\System32\Wbem;C:\WINDOWS\System32\WindowsPowerShell\v1.0\;C:\WINDOWS\System32\OpenSSH\;C:\msys64\mingw64\bin;C;C:\Program Files\Git\cmd;C:\Users\Hiiii\AppData\Roaming\Python\Python310\Scripts;C:\Users\Hiiii\AppData\Local\Microsoft\WindowsApps;;C:\Users\Hiiii\AppData\Local\Programs\Microsoft VS Code\bin;C:\Users\Hiiii\Desktop\LTTS\Drivers'.</msg>
<status status="PASS" starttime="20220506 17:30:35.177" endtime="20220506 17:30:35.181"/>
</kw>
<kw name="Open Browser" library="SeleniumLibrary">
<arg>url=https://smallpdf.com/pdf-to-word</arg>
<arg>browser=chrome</arg>
<doc>Opens a new browser instance to the optional ``url``.</doc>
<msg timestamp="20220506 17:30:35.182" level="INFO">Opening browser 'chrome' to base url 'https://smallpdf.com/pdf-to-word'.</msg>
<status status="PASS" starttime="20220506 17:30:35.182" endtime="20220506 17:30:40.179"/>
</kw>
<kw name="Maximize Browser Window" library="SeleniumLibrary">
<doc>Maximizes current browser window.</doc>
<status status="PASS" starttime="20220506 17:30:40.183" endtime="20220506 17:30:40.364"/>
</kw>
<kw name="Set Selenium Implicit Wait" library="SeleniumLibrary">
<arg>30s</arg>
<doc>Sets the implicit wait value used by Selenium.</doc>
<status status="PASS" starttime="20220506 17:30:40.369" endtime="20220506 17:30:40.371"/>
</kw>
<kw name="Click Element" library="SeleniumLibrary">
<arg>xpath=//span[text()='Got it']</arg>
<doc>Click the element identified by ``locator``.</doc>
<msg timestamp="20220506 17:30:40.371" level="INFO">Clicking element 'xpath=//span[text()='Got it']'.</msg>
<status status="PASS" starttime="20220506 17:30:40.371" endtime="20220506 17:30:41.881"/>
</kw>
<kw name="Choose File" library="SeleniumLibrary">
<arg>xpath=//input[@type='file']</arg>
<arg>C:${/}Users\\\Hiiii\\Desktop\\LTTS\\New</arg>
<doc>Inputs the ``file_path`` into the file input field ``locator``.</doc>
<msg timestamp="20220506 17:30:41.903" level="INFO">Sending C:\Users\Hiiii\Desktop\LTTS\New to browser.</msg>
<status status="PASS" starttime="20220506 17:30:41.902" endtime="20220506 17:30:42.026"/>
</kw>
<kw name="Get Title" library="SeleniumLibrary">
<var>${current_title}</var>
<doc>Returns the title of the current page.</doc>
<msg timestamp="20220506 17:30:42.202" level="INFO">${current_title} = PDF to Word Converter - 100% Free</msg>
<status status="PASS" starttime="20220506 17:30:42.028" endtime="20220506 17:30:42.202"/>
</kw>
<kw name="Log To Console" library="BuiltIn">
<arg>${current_title}</arg>
<doc>Logs the given message to the console.</doc>
<status status="PASS" starttime="20220506 17:30:42.210" endtime="20220506 17:30:42.214"/>
</kw>
<kw name="Get Location" library="SeleniumLibrary">
<var>${current_location}</var>
<doc>Returns the current browser window URL.</doc>
<msg timestamp="20220506 17:30:42.225" level="INFO">${current_location} = https://smallpdf.com/result#e=file-type&amp;t=pdf-to-word</msg>
<status status="PASS" starttime="20220506 17:30:42.216" endtime="20220506 17:30:42.225"/>
</kw>
<kw name="Log To Console" library="BuiltIn">
<arg>${current_location}</arg>
<doc>Logs the given message to the console.</doc>
<status status="PASS" starttime="20220506 17:30:42.226" endtime="20220506 17:30:42.240"/>
</kw>
<kw name="Get Source" library="SeleniumLibrary">
<var>${html_source}</var>
<doc>Returns the entire HTML source of the current page or frame.</doc>
<msg timestamp="20220506 17:30:42.333" level="INFO">${html_source} = &lt;html lang="en"&gt;&lt;head&gt;
  
  
&lt;title&gt;PDF to Word Converter - 100% Free&lt;/title&gt;
&lt;meta charset="utf-8"&gt;
&lt;link rel="shortcut icon" href="/favicon.png"&gt;

&lt;meta name="viewport" content="width=device-width"&gt;...</msg>
<status status="PASS" starttime="20220506 17:30:42.241" endtime="20220506 17:30:42.333"/>
</kw>
<status status="PASS" starttime="20220506 17:30:35.177" endtime="20220506 17:30:42.334"/>
</test>
<status status="PASS" starttime="20220506 17:30:34.619" endtime="20220506 17:30:42.338"/>
</suite>
<statistics>
<total>
<stat pass="1" fail="0" skip="0">All Tests</stat>
</total>
<tag>
</tag>
<suite>
<stat pass="1" fail="0" skip="0" id="s1" name="Demo10 Suite">Demo10 Suite</stat>
</suite>
</statistics>
<errors>
</errors>
</robot>
